Content-Type: text/plain; charset="utf-8"
MIME-Version: 1.0
Content-Transfer-Encoding: 8bit
Subject: Password reset on 127.0.0.1:8000
From: webmaster@localhost
To: admin@hans.at
Date: Wed, 27 May 2020 19:58:07 -0000
Message-ID: <159060948761.43172.2582188276565436094@LAPTOP-LT3IPU3C.home>

<!--
When auto-escaping is in effect, all variable content has HTML escaping applied to it before
placing the result into the output.
In this case you want an unescaped string for a plain text email.

uidb64: The user’s id encoded in base 64.
token: Token to check that the reset link is valid.
-->


Hello hans!
To initiate the password reset process for your Uni.li Study Manager Account,
please click the link below:

http://127.0.0.1:8000/registration/reset/NA/5gu-025775f7c8ec0c36b260/

If clicking the link above doesn't work, please copy and paste the URL in a new browser
window instead.

Sincerely,

Johannes
Uni.li Study Manager Team

-------------------------------------------------------------------------------
